Watching for file changes with StatReloader
Intento de inicio de sesión con usuario: 152358466 y contraseña: cla123
Inicio de sesión correcto con usuario: 152358466 y contraseña: cla123
Intento de inicio de sesión con usuario: 152358466 y contraseña: cla123
Inicio de sesión correcto con usuario: 152358466 y contraseña: cla123
Intento de inicio de sesión con usuario: 152358466 y contraseña: cla123
Inicio de sesión correcto con usuario: 152358466 y contraseña: cla123
C:\Users\skavi\Documents\programas vs\4to semestre\taller de aplicaciones\pjctBodega\app\SBD\SBDcrud\forms.py changed, reloading.
Watching for file changes with StatReloader
C:\Users\skavi\Documents\programas vs\4to semestre\taller de aplicaciones\pjctBodega\app\SBD\SBDcrud\forms.py changed, reloading.
Watching for file changes with StatReloader
C:\Users\skavi\Documents\programas vs\4to semestre\taller de aplicaciones\pjctBodega\app\SBD\SBDcrud\forms.py changed, reloading.
Watching for file changes with StatReloader
C:\Users\skavi\Documents\programas vs\4to semestre\taller de aplicaciones\pjctBodega\app\SBD\SBDcrud\forms.py changed, reloading.
Watching for file changes with StatReloader
C:\Users\skavi\Documents\programas vs\4to semestre\taller de aplicaciones\pjctBodega\app\SBD\SBDcrud\forms.py changed, reloading.
Watching for file changes with StatReloader
C:\Users\skavi\Documents\programas vs\4to semestre\taller de aplicaciones\pjctBodega\app\SBD\SBDcrud\forms.py changed, reloading.
Watching for file changes with StatReloader
C:\Users\skavi\Documents\programas vs\4to semestre\taller de aplicaciones\pjctBodega\app\SBD\SBDcrud\forms.py changed, reloading.
Watching for file changes with StatReloader
C:\Users\skavi\Documents\programas vs\4to semestre\taller de aplicaciones\pjctBodega\app\SBD\SBDcrud\forms.py changed, reloading.
Watching for file changes with StatReloader
C:\Users\skavi\Documents\programas vs\4to semestre\taller de aplicaciones\pjctBodega\app\SBD\SBDcrud\forms.py changed, reloading.
Watching for file changes with StatReloader
Intento de inicio de sesión con usuario: 987654321 y contraseña: art123
Inicio de sesión correcto con usuario: 987654321 y contraseña: art123
C:\Users\skavi\Documents\programas vs\4to semestre\taller de aplicaciones\pjctBodega\app\SBD\SBD\settings.py changed, reloading.
